<?xml version="1.0" encoding="UTF-8"?>
<testsuite xmlns:xsi="http://www.w3.org/2001/XMLSchema-instance" xsi:noNamespaceSchemaLocation="https://maven.apache.org/surefire/maven-surefire-plugin/xsd/surefire-test-report.xsd" name="abdn.scnu.cs.GameTests" time="0.164" tests="11" errors="0" skipped="0" failures="0">
  <properties>
    <property name="java.specification.version" value="18"/>
    <property name="sun.cpu.isalist" value="amd64"/>
    <property name="sun.jnu.encoding" value="GBK"/>
    <property name="java.class.path" value="C:\Users\l&apos;l&apos;l\Desktop\JavaAssignment\CS_code template\assignment\target\test-classes;C:\Users\l&apos;l&apos;l\Desktop\JavaAssignment\CS_code template\assignment\target\classes;C:\Users\l&apos;l&apos;l\.m2\repository\junit\junit\4.11\junit-4.11.jar;C:\Users\l&apos;l&apos;l\.m2\repository\org\hamcrest\hamcrest-core\1.3\hamcrest-core-1.3.jar;"/>
    <property name="java.vm.vendor" value="Oracle Corporation"/>
    <property name="sun.arch.data.model" value="64"/>
    <property name="user.variant" value=""/>
    <property name="java.vendor.url" value="https://java.oracle.com/"/>
    <property name="user.timezone" value="Asia/Shanghai"/>
    <property name="os.name" value="Windows 10"/>
    <property name="java.vm.specification.version" value="18"/>
    <property name="sun.java.launcher" value="SUN_STANDARD"/>
    <property name="user.country" value="CN"/>
    <property name="sun.boot.library.path" value="C:\Program Files\Java\bin"/>
    <property name="sun.java.command" value="D:\tmpdir\Temp\surefire14063299172256733799\surefirebooter4401925824859418057.jar D:\tmpdir\Temp\surefire14063299172256733799 2022-10-18T16-38-59_172-jvmRun1 surefire15137243352287750020tmp surefire_07733544243881005080tmp"/>
    <property name="jdk.debug" value="release"/>
    <property name="surefire.test.class.path" value="C:\Users\l&apos;l&apos;l\Desktop\JavaAssignment\CS_code template\assignment\target\test-classes;C:\Users\l&apos;l&apos;l\Desktop\JavaAssignment\CS_code template\assignment\target\classes;C:\Users\l&apos;l&apos;l\.m2\repository\junit\junit\4.11\junit-4.11.jar;C:\Users\l&apos;l&apos;l\.m2\repository\org\hamcrest\hamcrest-core\1.3\hamcrest-core-1.3.jar;"/>
    <property name="sun.cpu.endian" value="little"/>
    <property name="user.home" value="C:\Users\l&apos;l&apos;l"/>
    <property name="user.language" value="zh"/>
    <property name="java.specification.vendor" value="Oracle Corporation"/>
    <property name="java.version.date" value="2022-04-22"/>
    <property name="java.home" value="C:\Program Files\Java"/>
    <property name="file.separator" value="\"/>
    <property name="basedir" value="C:\Users\l&apos;l&apos;l\Desktop\JavaAssignment\CS_code template\assignment"/>
    <property name="java.vm.compressedOopsMode" value="Zero based"/>
    <property name="line.separator" value="&#10;"/>
    <property name="java.vm.specification.vendor" value="Oracle Corporation"/>
    <property name="java.specification.name" value="Java Platform API Specification"/>
    <property name="surefire.real.class.path" value="D:\tmpdir\Temp\surefire14063299172256733799\surefirebooter4401925824859418057.jar"/>
    <property name="user.script" value=""/>
    <property name="sun.management.compiler" value="HotSpot 64-Bit Tiered Compilers"/>
    <property name="java.runtime.version" value="18.0.1.1+2-6"/>
    <property name="user.name" value="l&apos;l&apos;l"/>
    <property name="path.separator" value=";"/>
    <property name="os.version" value="10.0"/>
    <property name="java.runtime.name" value="Java(TM) SE Runtime Environment"/>
    <property name="file.encoding" value="UTF-8"/>
    <property name="java.vm.name" value="Java HotSpot(TM) 64-Bit Server VM"/>
    <property name="localRepository" value="C:\Users\l&apos;l&apos;l\.m2\repository"/>
    <property name="java.vendor.url.bug" value="https://bugreport.java.com/bugreport/"/>
    <property name="java.io.tmpdir" value="D:\tmpdir\Temp\"/>
    <property name="java.version" value="18.0.1.1"/>
    <property name="user.dir" value="C:\Users\l&apos;l&apos;l\Desktop\JavaAssignment\CS_code template\assignment"/>
    <property name="os.arch" value="amd64"/>
    <property name="java.vm.specification.name" value="Java Virtual Machine Specification"/>
    <property name="sun.os.patch.level" value=""/>
    <property name="native.encoding" value="GBK"/>
    <property name="java.library.path" value="C:\Program Files\Java\bin;C:\WINDOWS\Sun\Java\bin;C:\WINDOWS\system32;C:\WINDOWS;D:\Oracle\bin;D:\Python39\Scripts\;D:\Python39\;C:\Program Files\Common Files\Oracle\Java\javapath;C:\Windows\System32;C:\WINDOWS;C:\WINDOWS\System32\Wbem;C:\WINDOWS\System32\WindowsPowerShell\v1.0\;C:\WINDOWS\System32\OpenSSH\;C:\Program Files\Git\cmd;D:\TDM-GCC-64\bin;C:\Users\l&apos;l&apos;l\AppData\Local\Programs\Python\Python39;C:\Users\l&apos;l&apos;l\AppData\Local\Programs\Python\Python39\Scripts;D:\mingw64\bin;D:\cmake\cmake-3.23.0-rc4-windows-x86_64\bin;D:\VS code\nodejs\;D:\mysql-8.0.29-winx64\bin;D:\gdal;D:\gdal\gdal-data;D:\gdal-3.4.1;D:\gdal-3.4.1\GDAL\.git;C:\Users\l&apos;l&apos;l\AppData\Local\Programs\Python\Python39\Lib\site-packages;C:\Users\l&apos;l&apos;l\AppData\Local\Programs\Python\Python39\Lib\site-packages\mxnet;D:\java\bin;D:\texlive\2022\bin\win32;D:\texlive\2022\bin;C:\Users\l&apos;l&apos;l\AppData\Local\SumatraPDF;D:\Python39\Scripts;D:\Python39\Scripts\pip;C:\Program Files (x86)\dotnet\;D:\Maven\apache-maven-3.8.6\bin;C:\Users\l&apos;l&apos;l\AppData\Local\Programs\Python\Python38\Scripts\;C:\Users\l&apos;l&apos;l\AppData\Local\Programs\Python\Python38\;C:\Users\l&apos;l&apos;l\AppData\Local\Programs\Python\Python37\Scripts\;C:\Users\l&apos;l&apos;l\AppData\Local\Programs\Python\Python37\;C:\WINDOWS\system32;C:\Users\l&apos;l&apos;l\AppData\Local\Programs\Python\Python39\Scripts\;C:\Users\l&apos;l&apos;l\AppData\Local\Programs\Python\Python39\;C:\Users\l&apos;l&apos;l\AppData\Local\Microsoft\WindowsApps;C:\Program Files\JetBrains\PyCharm Community Edition 2021.2.3\bin;C:\ProgramData\l&apos;l&apos;l\GitHubDesktop\bin;C:\Program Files\Microsoft Visual Studio\2022\Community\Common7\IDE\CommonExtensions\Microsoft\TeamFoundation\Team Explorer\Git\mingw32\bin;C:\Users\l&apos;l&apos;l\AppData\Local\Programs\Microsoft VS Code\bin;C:\Users\l&apos;l&apos;l\Desktop\C++脩搂脧掳脦脛录镁\TDM-GCC\bin;D:\Microsoft VS Code\bin;C:\Users\l&apos;l&apos;l\AppData\Roaming\npm;."/>
    <property name="java.vm.info" value="mixed mode, sharing"/>
    <property name="java.vendor" value="Oracle Corporation"/>
    <property name="java.vm.version" value="18.0.1.1+2-6"/>
    <property name="sun.io.unicode.encoding" value="UnicodeLittle"/>
    <property name="java.class.version" value="62.0"/>
  </properties>
  <testcase name="t1_1_a" classname="abdn.scnu.cs.GameTests" time="0.012"/>
  <testcase name="t1_1_b" classname="abdn.scnu.cs.GameTests" time="0"/>
  <testcase name="t1_2" classname="abdn.scnu.cs.GameTests" time="0"/>
  <testcase name="t1_3" classname="abdn.scnu.cs.GameTests" time="0"/>
  <testcase name="t2_1" classname="abdn.scnu.cs.GameTests" time="0.001"/>
  <testcase name="t2_2" classname="abdn.scnu.cs.GameTests" time="0"/>
  <testcase name="t2_3" classname="abdn.scnu.cs.GameTests" time="0.055"/>
  <testcase name="t2_4" classname="abdn.scnu.cs.GameTests" time="0.003"/>
  <testcase name="t3_1" classname="abdn.scnu.cs.GameTests" time="0.002"/>
  <testcase name="t3_3" classname="abdn.scnu.cs.GameTests" time="0"/>
  <testcase name="t3_4" classname="abdn.scnu.cs.GameTests" time="0.004"/>
</testsuite>